  watershaderclass.cpp
  waterclass.cpp
  timerclass.cpp
  textureclass.cpp
  textclass.cpp
  terrainshaderclass.cpp
  terrainclass.cpp
d:\win8\win8 data and apps\17-18 works\nie2211 studio ii\semester 1\resources\week07\tertut16_winsdk\engine\engine\terrainclass.cpp(457): warning C4244: '=': conversion from 'double' to 'float', possible loss of data
d:\win8\win8 data and apps\17-18 works\nie2211 studio ii\semester 1\resources\week07\tertut16_winsdk\engine\engine\terrainclass.cpp(709): warning C4244: '=': conversion from 'double' to 'float', possible loss of data
d:\win8\win8 data and apps\17-18 works\nie2211 studio ii\semester 1\resources\week07\tertut16_winsdk\engine\engine\terrainclass.cpp(717): warning C4244: '=': conversion from 'double' to 'float', possible loss of data
  systemclass.cpp
  skyplaneshaderclass.cpp
  skyplaneclass.cpp
  skydomeshaderclass.cpp
  skydomeclass.cpp
  rendertextureclass.cpp
  reflectionshaderclass.cpp
  positionclass.cpp
  main.cpp
  lightclass.cpp
  inputclass.cpp
  fpsclass.cpp
  fontshaderclass.cpp
  Generating Code...
  Compiling...
  fontclass.cpp
  DDSTextureLoader.cpp
  d3dclass.cpp
  cpuclass.cpp
  cameraclass.cpp
  applicationclass.cpp
d:\win8\win8 data and apps\17-18 works\nie2211 studio ii\semester 1\resources\week07\tertut16_winsdk\engine\engine\applicationclass.cpp(67): warning C4316: 'D3DClass': object allocated on the heap may not be aligned 16
d:\win8\win8 data and apps\17-18 works\nie2211 studio ii\semester 1\resources\week07\tertut16_winsdk\engine\engine\applicationclass.cpp(111): warning C4316: 'CameraClass': object allocated on the heap may not be aligned 16
d:\win8\win8 data and apps\17-18 works\nie2211 studio ii\semester 1\resources\week07\tertut16_winsdk\engine\engine\applicationclass.cpp(283): warning C4316: 'RenderTextureClass': object allocated on the heap may not be aligned 16
d:\win8\win8 data and apps\17-18 works\nie2211 studio ii\semester 1\resources\week07\tertut16_winsdk\engine\engine\applicationclass.cpp(298): warning C4316: 'RenderTextureClass': object allocated on the heap may not be aligned 16
d:\win8\win8 data and apps\17-18 works\nie2211 studio ii\semester 1\resources\week07\tertut16_winsdk\engine\engine\applicationclass.cpp(599): warning C4101: 'result': unreferenced local variable
  Generating Code...
applicationclass.obj : warning LNK4075: ignoring '/EDITANDCONTINUE' due to '/SAFESEH' specification
  Engine.vcxproj -> D:\Win8\Win8 Data and Apps\17-18 Works\NIE2211 Studio II\Semester 1\Resources\Week07\tertut16_WinSDK\Engine\Debug\Engine.exe
  Engine.vcxproj -> D:\Win8\Win8 Data and Apps\17-18 Works\NIE2211 Studio II\Semester 1\Resources\Week07\tertut16_WinSDK\Engine\Debug\Engine.pdb (Full PDB)
