c:\win8 data and apps\15-16 works\nie2211\semester 1\tutorials\week07\tertut16_winsdk\engine\debug\engine.bsc
c:\win8 data and apps\15-16 works\nie2211\semester 1\tutorials\week07\tertut16_winsdk\engine\engine\debug\vc120.pdb
c:\win8 data and apps\15-16 works\nie2211\semester 1\tutorials\week07\tertut16_winsdk\engine\engine\debug\vc120.idb
c:\win8 data and apps\15-16 works\nie2211\semester 1\tutorials\week07\tertut16_winsdk\engine\engine\debug\watershaderclass.sbr
c:\win8 data and apps\15-16 works\nie2211\semester 1\tutorials\week07\tertut16_winsdk\engine\engine\debug\waterclass.sbr
c:\win8 data and apps\15-16 works\nie2211\semester 1\tutorials\week07\tertut16_winsdk\engine\engine\debug\timerclass.sbr
c:\win8 data and apps\15-16 works\nie2211\semester 1\tutorials\week07\tertut16_winsdk\engine\engine\debug\textureclass.sbr
c:\win8 data and apps\15-16 works\nie2211\semester 1\tutorials\week07\tertut16_winsdk\engine\engine\debug\textclass.sbr
c:\win8 data and apps\15-16 works\nie2211\semester 1\tutorials\week07\tertut16_winsdk\engine\engine\debug\terrainshaderclass.sbr
c:\win8 data and apps\15-16 works\nie2211\semester 1\tutorials\week07\tertut16_winsdk\engine\engine\debug\terrainclass.sbr
c:\win8 data and apps\15-16 works\nie2211\semester 1\tutorials\week07\tertut16_winsdk\engine\engine\debug\systemclass.sbr
c:\win8 data and apps\15-16 works\nie2211\semester 1\tutorials\week07\tertut16_winsdk\engine\engine\debug\skyplaneshaderclass.sbr
c:\win8 data and apps\15-16 works\nie2211\semester 1\tutorials\week07\tertut16_winsdk\engine\engine\debug\skyplaneclass.sbr
c:\win8 data and apps\15-16 works\nie2211\semester 1\tutorials\week07\tertut16_winsdk\engine\engine\debug\skydomeshaderclass.sbr
c:\win8 data and apps\15-16 works\nie2211\semester 1\tutorials\week07\tertut16_winsdk\engine\engine\debug\skydomeclass.sbr
c:\win8 data and apps\15-16 works\nie2211\semester 1\tutorials\week07\tertut16_winsdk\engine\engine\debug\rendertextureclass.sbr
c:\win8 data and apps\15-16 works\nie2211\semester 1\tutorials\week07\tertut16_winsdk\engine\engine\debug\reflectionshaderclass.sbr
c:\win8 data and apps\15-16 works\nie2211\semester 1\tutorials\week07\tertut16_winsdk\engine\engine\debug\positionclass.sbr
c:\win8 data and apps\15-16 works\nie2211\semester 1\tutorials\week07\tertut16_winsdk\engine\engine\debug\main.sbr
c:\win8 data and apps\15-16 works\nie2211\semester 1\tutorials\week07\tertut16_winsdk\engine\engine\debug\lightclass.sbr
c:\win8 data and apps\15-16 works\nie2211\semester 1\tutorials\week07\tertut16_winsdk\engine\engine\debug\inputclass.sbr
c:\win8 data and apps\15-16 works\nie2211\semester 1\tutorials\week07\tertut16_winsdk\engine\engine\debug\fpsclass.sbr
c:\win8 data and apps\15-16 works\nie2211\semester 1\tutorials\week07\tertut16_winsdk\engine\engine\debug\fontshaderclass.sbr
c:\win8 data and apps\15-16 works\nie2211\semester 1\tutorials\week07\tertut16_winsdk\engine\engine\debug\fontshaderclass.obj
c:\win8 data and apps\15-16 works\nie2211\semester 1\tutorials\week07\tertut16_winsdk\engine\engine\debug\fpsclass.obj
c:\win8 data and apps\15-16 works\nie2211\semester 1\tutorials\week07\tertut16_winsdk\engine\engine\debug\inputclass.obj
c:\win8 data and apps\15-16 works\nie2211\semester 1\tutorials\week07\tertut16_winsdk\engine\engine\debug\lightclass.obj
c:\win8 data and apps\15-16 works\nie2211\semester 1\tutorials\week07\tertut16_winsdk\engine\engine\debug\main.obj
c:\win8 data and apps\15-16 works\nie2211\semester 1\tutorials\week07\tertut16_winsdk\engine\engine\debug\positionclass.obj
c:\win8 data and apps\15-16 works\nie2211\semester 1\tutorials\week07\tertut16_winsdk\engine\engine\debug\reflectionshaderclass.obj
c:\win8 data and apps\15-16 works\nie2211\semester 1\tutorials\week07\tertut16_winsdk\engine\engine\debug\rendertextureclass.obj
c:\win8 data and apps\15-16 works\nie2211\semester 1\tutorials\week07\tertut16_winsdk\engine\engine\debug\skydomeclass.obj
c:\win8 data and apps\15-16 works\nie2211\semester 1\tutorials\week07\tertut16_winsdk\engine\engine\debug\skydomeshaderclass.obj
c:\win8 data and apps\15-16 works\nie2211\semester 1\tutorials\week07\tertut16_winsdk\engine\engine\debug\skyplaneclass.obj
c:\win8 data and apps\15-16 works\nie2211\semester 1\tutorials\week07\tertut16_winsdk\engine\engine\debug\skyplaneshaderclass.obj
c:\win8 data and apps\15-16 works\nie2211\semester 1\tutorials\week07\tertut16_winsdk\engine\engine\debug\systemclass.obj
c:\win8 data and apps\15-16 works\nie2211\semester 1\tutorials\week07\tertut16_winsdk\engine\engine\debug\terrainclass.obj
c:\win8 data and apps\15-16 works\nie2211\semester 1\tutorials\week07\tertut16_winsdk\engine\engine\debug\terrainshaderclass.obj
c:\win8 data and apps\15-16 works\nie2211\semester 1\tutorials\week07\tertut16_winsdk\engine\engine\debug\textclass.obj
c:\win8 data and apps\15-16 works\nie2211\semester 1\tutorials\week07\tertut16_winsdk\engine\engine\debug\textureclass.obj
c:\win8 data and apps\15-16 works\nie2211\semester 1\tutorials\week07\tertut16_winsdk\engine\engine\debug\timerclass.obj
c:\win8 data and apps\15-16 works\nie2211\semester 1\tutorials\week07\tertut16_winsdk\engine\engine\debug\waterclass.obj
c:\win8 data and apps\15-16 works\nie2211\semester 1\tutorials\week07\tertut16_winsdk\engine\engine\debug\watershaderclass.obj
c:\win8 data and apps\15-16 works\nie2211\semester 1\tutorials\week07\tertut16_winsdk\engine\engine\debug\fontclass.sbr
c:\win8 data and apps\15-16 works\nie2211\semester 1\tutorials\week07\tertut16_winsdk\engine\engine\debug\ddstextureloader.sbr
c:\win8 data and apps\15-16 works\nie2211\semester 1\tutorials\week07\tertut16_winsdk\engine\engine\debug\d3dclass.sbr
c:\win8 data and apps\15-16 works\nie2211\semester 1\tutorials\week07\tertut16_winsdk\engine\engine\debug\cpuclass.sbr
c:\win8 data and apps\15-16 works\nie2211\semester 1\tutorials\week07\tertut16_winsdk\engine\engine\debug\cameraclass.sbr
c:\win8 data and apps\15-16 works\nie2211\semester 1\tutorials\week07\tertut16_winsdk\engine\engine\debug\applicationclass.sbr
c:\win8 data and apps\15-16 works\nie2211\semester 1\tutorials\week07\tertut16_winsdk\engine\engine\debug\applicationclass.obj
c:\win8 data and apps\15-16 works\nie2211\semester 1\tutorials\week07\tertut16_winsdk\engine\engine\debug\cameraclass.obj
c:\win8 data and apps\15-16 works\nie2211\semester 1\tutorials\week07\tertut16_winsdk\engine\engine\debug\cpuclass.obj
c:\win8 data and apps\15-16 works\nie2211\semester 1\tutorials\week07\tertut16_winsdk\engine\engine\debug\d3dclass.obj
c:\win8 data and apps\15-16 works\nie2211\semester 1\tutorials\week07\tertut16_winsdk\engine\engine\debug\ddstextureloader.obj
c:\win8 data and apps\15-16 works\nie2211\semester 1\tutorials\week07\tertut16_winsdk\engine\engine\debug\fontclass.obj
c:\win8 data and apps\15-16 works\nie2211\semester 1\tutorials\week07\tertut16_winsdk\engine\debug\engine.ilk
c:\win8 data and apps\15-16 works\nie2211\semester 1\tutorials\week07\tertut16_winsdk\engine\debug\engine.exe
c:\win8 data and apps\15-16 works\nie2211\semester 1\tutorials\week07\tertut16_winsdk\engine\debug\engine.pdb
d:\win8\win8 data and apps\17-18 works\nie2211 studio ii\semester 1\resources\week07\tertut16_winsdk\engine\engine\debug\engine.tlog\bscmake.command.1.tlog
d:\win8\win8 data and apps\17-18 works\nie2211 studio ii\semester 1\resources\week07\tertut16_winsdk\engine\engine\debug\engine.tlog\bscmake.read.1.tlog
d:\win8\win8 data and apps\17-18 works\nie2211 studio ii\semester 1\resources\week07\tertut16_winsdk\engine\engine\debug\engine.tlog\bscmake.write.1.tlog
d:\win8\win8 data and apps\17-18 works\nie2211 studio ii\semester 1\resources\week07\tertut16_winsdk\engine\engine\debug\engine.tlog\cl.command.1.tlog
d:\win8\win8 data and apps\17-18 works\nie2211 studio ii\semester 1\resources\week07\tertut16_winsdk\engine\engine\debug\engine.tlog\cl.read.1.tlog
d:\win8\win8 data and apps\17-18 works\nie2211 studio ii\semester 1\resources\week07\tertut16_winsdk\engine\engine\debug\engine.tlog\cl.write.1.tlog
d:\win8\win8 data and apps\17-18 works\nie2211 studio ii\semester 1\resources\week07\tertut16_winsdk\engine\engine\debug\engine.tlog\link.command.1.tlog
d:\win8\win8 data and apps\17-18 works\nie2211 studio ii\semester 1\resources\week07\tertut16_winsdk\engine\engine\debug\engine.tlog\link.read.1.tlog
d:\win8\win8 data and apps\17-18 works\nie2211 studio ii\semester 1\resources\week07\tertut16_winsdk\engine\engine\debug\engine.tlog\link.write.1.tlog
